Election_Date:12.9.2013_:12 сентября 2013 года 
ID=e3d2cac7-8741-4a30-8af9-8dc6738e84ab
sGasVrn=
ProtocolPassword=123
Password=123
Referendum_part_is_epson
Nblank=1
It_is_Election
Modes:Main_Portable_
Time_of_change_modes:Main:12:0:0_Portable:19:0:0_
UIK_number=2081
UIK_name= УИК №2081
Bulletin_N:1_number=100100031793505_name=ПРОТОКОЛ   участковой избирательной комиссии об итогах голосования    ИЗБИРАТЕЛЬНЫЙ УЧАСТОК № 959  Город Санкт-Петербург  
Кандидатов/1123
Кандидат
Кандидатович
Кандидатов/351
Кандидат
Кандидатович
Кандидатов/4555
Кандидат
Кандидатович
Кандидатов/587277
Кандидат
Кандидатович
Кандидатов/8075
Кандидат
Кандидатович
StampCommitees:_15__Modes:_Main_Portable_Candidate_N:1_num=100100031793505_Candidate_N:2_num=15_Candidate_N:3_num=1_Candidate_N:4_num=2_Candidate_N:5_num=3
