Исходные данные для УИК N 2081
Состав КОИБ:: , 
Режим выборов: тренировка
Сканер N: 
Дата голосования: 12 сентября 2013 года
Данные предназначены  для УИК N: 2081
Номера вышестоящих комиссий:
Количество типов бюллетеней: 1
Последовательность смены режимов:Стационарный, Переносной
Время начала стационарного режима: 12:0:0
Время начала переносного режима: 19:0:0
БЮЛЛЕТЕНИ
Бюллетень N: 1
Наименование: ПРОТОКОЛ   участковой избирательной комиссии об итогах голосования    ИЗБИРАТЕЛЬНЫЙ УЧАСТОК № 959  Город Санкт-Петербург  
Идентификатор выборов: 100100031793505
Выборы: Выборы Президента Российской Федерации
Шаблон итогового протокола:
Шаблон протокола о распределении голосов:
ВЫБОРЫ
Выборы N 1: Выборы Президента Российской Федерации
Вышестоящая комиссия: 15
Режимы голосования: Стационарный, Переносной
Число мандатов: 1
Наличие отметки "против всех":  Нет
Число позиций: 5
ПОЗИЦИИ:
1. Кандидатов/1123 Кандидат Кандидатович
2. Кандидатов/351 Кандидат Кандидатович
3. Кандидатов/4555 Кандидат Кандидатович
4. Кандидатов/587277 Кандидат Кандидатович
5. Кандидатов/8075 Кандидат Кандидатович
ПРОТОКОЛЫ
Наименование протокола: ПРОТОКОЛ   участковой избирательной комиссии об итогах голосования    ИЗБИРАТЕЛЬНЫЙ УЧАСТОК № 959  Город Санкт-Петербург  
Строки протокола:
1. ПРОТОКОЛ   участковой избирательной комиссии об итогах голосования    ИЗБИРАТЕЛЬНЫЙ УЧАСТОК № 959  Город Санкт-Петербург  
